<?xml version="1.0" encoding="UTF-8"?>
<!-- Generated by org.testng.reporters.JUnitReportReporter -->
<testsuite name="Pojo.ProductTest" tests="1" time="0.266" ignored="0" failures="0" timestamp="28 Jun 2023 06:25:23 GMT" skipped="0" hostname="SYPULCP7CWG3" errors="0">
  <testcase name="prodctTest" time="0.266" classname="Pojo.ProductTest"/>
</testsuite> <!-- Pojo.ProductTest -->
