<?xml version="1.0" encoding="UTF-8"?>
<!-- Generated by org.testng.reporters.JUnitReportReporter -->
<testsuite name="CrudOperation.ExtractionExample" tests="1" time="3.604" ignored="0" failures="0" timestamp="23 Jun 2023 13:31:43 GMT" skipped="0" hostname="SYPULCP7CWG3" errors="0">
  <testcase name="testExtractionExample" time="3.604" classname="CrudOperation.ExtractionExample"/>
</testsuite> <!-- CrudOperation.ExtractionExample -->
