<?xml version="1.0" encoding="UTF-8"?>
<!-- Generated by org.testng.reporters.JUnitReportReporter -->
<testsuite name="CrudOperation.GetReqTest" tests="1" time="1.426" ignored="0" failures="0" timestamp="23 Jun 2023 13:10:16 GMT" skipped="0" hostname="SYPULCP7CWG3" errors="0">
  <testcase name="getStudent" time="1.426" classname="CrudOperation.GetReqTest"/>
</testsuite> <!-- CrudOperation.GetReqTest -->
