<?xml version="1.0" encoding="UTF-8"?>
<!-- Generated by org.testng.reporters.JUnitReportReporter -->
<testsuite name="CrudOperation.PutRequestTest" tests="1" time="1.537" ignored="0" failures="0" timestamp="20 Jun 2023 09:46:01 GMT" skipped="0" hostname="SYPULCP7CWG3" errors="0">
  <testcase name="name" time="1.537" classname="CrudOperation.PutRequestTest"/>
</testsuite> <!-- CrudOperation.PutRequestTest -->
