<?xml version="1.0" encoding="UTF-8"?>
<!-- Generated by org.testng.reporters.JUnitReportReporter -->
<testsuite name="PostReq2.StudentPostreq" tests="1" time="1.878" ignored="0" failures="0" timestamp="21 Jun 2023 07:18:20 GMT" skipped="0" hostname="SYPULCP7CWG3" errors="0">
  <testcase name="postreq" time="1.878" classname="PostReq2.StudentPostreq"/>
</testsuite> <!-- PostReq2.StudentPostreq -->
