<?xml version="1.0" encoding="UTF-8"?>
<!-- Generated by org.testng.reporters.JUnitReportReporter -->
<testsuite name="CRUD.DeleteReq" tests="1" time="1.565" ignored="0" failures="0" timestamp="03 Jul 2023 09:17:46 GMT" skipped="0" hostname="SYPULCP7CWG3" errors="0">
  <testcase name="testDeleteReq" time="1.565" classname="CRUD.DeleteReq"/>
</testsuite> <!-- CRUD.DeleteReq -->
