<?xml version="1.0" encoding="UTF-8"?>
<!-- Generated by org.testng.reporters.JUnitReportReporter -->
<testsuite name="CRUD.Getreq" tests="1" time="2.278" ignored="0" failures="0" timestamp="03 Jul 2023 12:27:42 GMT" skipped="0" hostname="SYPULCP7CWG3" errors="0">
  <testcase name="testGetReq3" time="2.278" classname="CRUD.Getreq"/>
</testsuite> <!-- CRUD.Getreq -->
