<?xml version="1.0" encoding="UTF-8"?>
<!-- Generated by org.testng.reporters.JUnitReportReporter -->
<testsuite name="PostDifferentWays.JsonObjectAndJsonArray" tests="1" time="2.170" ignored="0" failures="0" timestamp="03 Jul 2023 10:50:25 GMT" skipped="0" hostname="SYPULCP7CWG3" errors="0">
  <testcase name="name" time="2.170" classname="PostDifferentWays.JsonObjectAndJsonArray"/>
</testsuite> <!-- PostDifferentWays.JsonObjectAndJsonArray -->
