<?xml version="1.0" encoding="UTF-8"?>
<!-- Generated by org.testng.reporters.JUnitReportReporter -->
<testsuite name="CRUD.PutReq" tests="1" time="1.520" ignored="0" failures="0" timestamp="03 Jul 2023 09:14:18 GMT" skipped="0" hostname="SYPULCP7CWG3" errors="0">
  <testcase name="testPutReq" time="1.520" classname="CRUD.PutReq"/>
</testsuite> <!-- CRUD.PutReq -->
