<?xml version="1.0" encoding="UTF-8"?>
<!-- Generated by org.testng.reporters.JUnitReportReporter -->
<testsuite name="Logging.RequestLogging" tests="1" time="1.889" ignored="0" failures="0" timestamp="03 Jul 2023 10:02:32 GMT" skipped="0" hostname="SYPULCP7CWG3" errors="0">
  <testcase name="test003" time="1.889" classname="Logging.RequestLogging"/>
</testsuite> <!-- Logging.RequestLogging -->
