<?xml version="1.0" encoding="UTF-8"?>
<!-- Generated by org.testng.reporters.JUnitReportReporter -->
<testsuite name="CRUD.PostReq" tests="1" time="1.577" ignored="0" failures="0" timestamp="03 Jul 2023 08:54:35 GMT" skipped="0" hostname="SYPULCP7CWG3" errors="0">
  <testcase name="reqPost" time="1.577" classname="CRUD.PostReq"/>
</testsuite> <!-- CRUD.PostReq -->
