<?xml version="1.0" encoding="UTF-8"?>
<!-- Generated by org.testng.reporters.JUnitReportReporter -->
<testsuite name="Basics.BasicReq" tests="1" time="1.796" ignored="0" failures="0" timestamp="03 Jul 2023 08:11:35 GMT" skipped="0" hostname="SYPULCP7CWG3" errors="0">
  <testcase name="TestBasicReq" time="1.796" classname="Basics.BasicReq"/>
</testsuite> <!-- Basics.BasicReq -->
