<?xml version="1.0" encoding="UTF-8"?>
<!-- Generated by org.testng.reporters.JUnitReportReporter -->
<testsuite name="Logging.ResponseLogging" tests="1" time="2.524" ignored="0" failures="0" timestamp="03 Jul 2023 10:11:30 GMT" skipped="0" hostname="SYPULCP7CWG3" errors="0">
  <testcase name="name" time="2.524" classname="Logging.ResponseLogging"/>
</testsuite> <!-- Logging.ResponseLogging -->
