<?xml version="1.0" encoding="UTF-8"?>
<!-- Generated by org.testng.reporters.JUnitReportReporter -->
<testsuite name="Req2Simple.Req2Simple" tests="1" time="2.885" ignored="0" failures="0" timestamp="03 Jul 2023 12:01:49 GMT" skipped="0" hostname="SYPULCP7CWG3" errors="0">
  <testcase name="name" time="2.885" classname="Req2Simple.Req2Simple"/>
</testsuite> <!-- Req2Simple.Req2Simple -->
