<?xml version="1.0" encoding="UTF-8"?>
<!-- Generated by org.testng.reporters.JUnitReportReporter -->
<testsuite name="Basics.ReqBetter" tests="1" time="1.760" ignored="0" failures="0" timestamp="03 Jul 2023 08:17:55 GMT" skipped="0" hostname="SYPULCP7CWG3" errors="0">
  <testcase name="testReqBetter" time="1.760" classname="Basics.ReqBetter"/>
</testsuite> <!-- Basics.ReqBetter -->
