<?xml version="1.0" encoding="UTF-8"?>
<!-- Generated by org.testng.reporters.JUnitReportReporter -->
<testsuite name="Logging.RequestLoggingExamples" tests="1" time="1.797" ignored="0" failures="0" timestamp="20 Jun 2023 15:49:39 GMT" skipped="0" hostname="SYPULCP7CWG3" errors="0">
  <testcase name="test004" time="1.797" classname="Logging.RequestLoggingExamples"/>
</testsuite> <!-- Logging.RequestLoggingExamples -->
