<?xml version="1.0" encoding="UTF-8"?>
<!-- Generated by org.testng.reporters.JUnitReportReporter -->
<testsuite name="Logging.ResponseLoggingExamples" tests="1" time="1.877" ignored="0" failures="0" timestamp="20 Jun 2023 16:00:08 GMT" skipped="0" hostname="SYPULCP7CWG3" errors="0">
  <testcase name="name" time="1.877" classname="Logging.ResponseLoggingExamples"/>
</testsuite> <!-- Logging.ResponseLoggingExamples -->
