<?xml version="1.0" encoding="UTF-8"?>
<!-- Generated by org.testng.reporters.JUnitReportReporter -->
<testsuite name="CrudOperation.DeleteRequetTest" tests="1" time="1.570" ignored="0" failures="0" timestamp="20 Jun 2023 09:49:38 GMT" skipped="0" hostname="SYPULCP7CWG3" errors="0">
  <testcase name="deleteRequest" time="1.570" classname="CrudOperation.DeleteRequetTest"/>
</testsuite> <!-- CrudOperation.DeleteRequetTest -->
