<?xml version="1.0" encoding="UTF-8"?>
<!-- Generated by org.testng.reporters.JUnitReportReporter -->
<testsuite name="PostReq2Simple.postreq" tests="1" time="2.995" ignored="0" failures="0" timestamp="21 Jun 2023 11:45:43 GMT" skipped="0" hostname="SYPULCP7CWG3" errors="0">
  <testcase name="testpostreq" time="2.995" classname="PostReq2Simple.postreq"/>
</testsuite> <!-- PostReq2Simple.postreq -->
