<?xml version="1.0" encoding="UTF-8"?>
<!-- Generated by org.testng.reporters.JUnitReportReporter -->
<testsuite name="PostReqSimple.PostReqEx" tests="1" time="2.479" ignored="0" failures="0" timestamp="21 Jun 2023 11:01:20 GMT" skipped="0" hostname="SYPULCP7CWG3" errors="0">
  <testcase name="testPostreq" time="2.479" classname="PostReqSimple.PostReqEx"/>
</testsuite> <!-- PostReqSimple.PostReqEx -->
